[debug] [2024-11-01T06:24:48.935Z] ----------------------------------------------------------------------
[debug] [2024-11-01T06:24:48.937Z] Command:       C:\Program Files\nodejs\node.exe C:\Users\abhis\AppData\Roaming\npm\node_modules\firebase-tools\lib\bin\firebase.js init
[debug] [2024-11-01T06:24:48.937Z] CLI Version:   13.23.1
[debug] [2024-11-01T06:24:48.937Z] Platform:      win32
[debug] [2024-11-01T06:24:48.938Z] Node Version:  v20.18.0
[debug] [2024-11-01T06:24:48.938Z] Time:          Fri Nov 01 2024 11:54:48 GMT+0530 (India Standard Time)
[debug] [2024-11-01T06:24:48.938Z] ----------------------------------------------------------------------
[debug] 
[debug] [2024-11-01T06:24:48.998Z] Object "" in "firebase.json" has unknown property: {"additionalProperty":"flutter"}
[debug] [2024-11-01T06:24:49.001Z] > command requires scopes: ["email","openid","https://www.googleapis.com/auth/cloudplatformprojects.readonly","https://www.googleapis.com/auth/firebase","https://www.googleapis.com/auth/cloud-platform"]
[debug] [2024-11-01T06:24:49.001Z] > authorizing via signed-in user (abhishekjha031@gmail.com)
[debug] [2024-11-01T06:24:49.002Z] Object "" in "firebase.json" has unknown property: {"additionalProperty":"flutter"}
[info] 
     ######## #### ########  ######## ########     ###     ######  ########
     ##        ##  ##     ## ##       ##     ##  ##   ##  ##       ##
     ######    ##  ########  ######   ########  #########  ######  ######
     ##        ##  ##    ##  ##       ##     ## ##     ##       ## ##
     ##       #### ##     ## ######## ########  ##     ##  ######  ########

You're about to initialize a Firebase project in this directory:

  C:\Users\abhis\StudioProjects\anonymous_complaint_resolver_system

Before we get started, keep in mind:

  * You are initializing within an existing Firebase project directory

[info] 
=== Project Setup
[info] 
[info] First, let's associate this project directory with a Firebase project.
[info] You can create multiple project aliases by running firebase use --add, 
[info] but for now we'll just set up a default project.
[info] 
[debug] [2024-11-01T06:25:06.463Z] Using project from CLI flag: annonymous-complaint--system
[debug] [2024-11-01T06:25:06.467Z] Checked if tokens are valid: false, expires at: 1729964377840
[debug] [2024-11-01T06:25:06.468Z] Checked if tokens are valid: false, expires at: 1729964377840
[debug] [2024-11-01T06:25:06.469Z] > refreshing access token with scopes: []
[debug] [2024-11-01T06:25:06.477Z] >>> [apiv2][query] POST https://www.googleapis.com/oauth2/v3/token [none]
[debug] [2024-11-01T06:25:06.477Z] >>> [apiv2][body] POST https://www.googleapis.com/oauth2/v3/token [omitted]
[debug] [2024-11-01T06:25:06.797Z] <<< [apiv2][status] POST https://www.googleapis.com/oauth2/v3/token 200
[debug] [2024-11-01T06:25:06.798Z] <<< [apiv2][body] POST https://www.googleapis.com/oauth2/v3/token [omitted]
[debug] [2024-11-01T06:25:06.824Z] >>> [apiv2][query] GET https://firebase.googleapis.com/v1beta1/projects/annonymous-complaint--system [none]
[debug] [2024-11-01T06:25:07.817Z] <<< [apiv2][status] GET https://firebase.googleapis.com/v1beta1/projects/annonymous-complaint--system 200
[debug] [2024-11-01T06:25:07.818Z] <<< [apiv2][body] GET https://firebase.googleapis.com/v1beta1/projects/annonymous-complaint--system {"projectId":"annonymous-complaint--system","projectNumber":"557927807979","displayName":"Annonymous Complaint  System","name":"projects/annonymous-complaint--system","resources":{"hostingSite":"annonymous-complaint--system","storageBucket":"annonymous-complaint--system.appspot.com","locationId":"us-central"},"state":"ACTIVE","etag":"1_35660ea1-cfe2-480f-8f6c-49e3db9f754e"}
[info] i  Using project annonymous-complaint--system (Annonymous Complaint  System) 
[info] 
=== Dataconnect Setup
[debug] [2024-11-01T06:25:07.831Z] Checked if tokens are valid: true, expires at: 1730445905798
[debug] [2024-11-01T06:25:07.831Z] Checked if tokens are valid: true, expires at: 1730445905798
[debug] [2024-11-01T06:25:07.831Z] >>> [apiv2][query] GET https://cloudbilling.googleapis.com/v1/projects/annonymous-complaint--system/billingInfo [none]
[debug] [2024-11-01T06:25:09.333Z] <<< [apiv2][status] GET https://cloudbilling.googleapis.com/v1/projects/annonymous-complaint--system/billingInfo 200
[debug] [2024-11-01T06:25:09.333Z] <<< [apiv2][body] GET https://cloudbilling.googleapis.com/v1/projects/annonymous-complaint--system/billingInfo {"name":"projects/annonymous-complaint--system/billingInfo","projectId":"annonymous-complaint--system","billingAccountName":"","billingEnabled":false}
[info] i  dataconnect: ensuring required API sqladmin.googleapis.com is enabled... 
[debug] [2024-11-01T06:25:09.334Z] Checked if tokens are valid: true, expires at: 1730445905798
[debug] [2024-11-01T06:25:09.334Z] Checked if tokens are valid: true, expires at: 1730445905798
[debug] [2024-11-01T06:25:09.334Z] >>> [apiv2][query] GET https://serviceusage.googleapis.com/v1/projects/annonymous-complaint--system/services/sqladmin.googleapis.com [none]
[debug] [2024-11-01T06:25:09.334Z] >>> [apiv2][(partial)header] GET https://serviceusage.googleapis.com/v1/projects/annonymous-complaint--system/services/sqladmin.googleapis.com x-goog-quota-user=projects/annonymous-complaint--system
[debug] [2024-11-01T06:25:11.345Z] <<< [apiv2][status] GET https://serviceusage.googleapis.com/v1/projects/annonymous-complaint--system/services/sqladmin.googleapis.com 200
[debug] [2024-11-01T06:25:11.345Z] <<< [apiv2][body] GET https://serviceusage.googleapis.com/v1/projects/annonymous-complaint--system/services/sqladmin.googleapis.com [omitted]
[warn] !  dataconnect: missing required API sqladmin.googleapis.com. Enabling now... 
[debug] [2024-11-01T06:25:11.349Z] Checked if tokens are valid: true, expires at: 1730445905798
[debug] [2024-11-01T06:25:11.350Z] Checked if tokens are valid: true, expires at: 1730445905798
[debug] [2024-11-01T06:25:11.351Z] >>> [apiv2][query] POST https://serviceusage.googleapis.com/v1/projects/annonymous-complaint--system/services/sqladmin.googleapis.com:enable [none]
[debug] [2024-11-01T06:25:11.352Z] >>> [apiv2][(partial)header] POST https://serviceusage.googleapis.com/v1/projects/annonymous-complaint--system/services/sqladmin.googleapis.com:enable x-goog-quota-user=projects/annonymous-complaint--system
[debug] [2024-11-01T06:25:13.107Z] <<< [apiv2][status] POST https://serviceusage.googleapis.com/v1/projects/annonymous-complaint--system/services/sqladmin.googleapis.com:enable 200
[debug] [2024-11-01T06:25:13.108Z] <<< [apiv2][body] POST https://serviceusage.googleapis.com/v1/projects/annonymous-complaint--system/services/sqladmin.googleapis.com:enable [omitted]
[debug] [2024-11-01T06:25:23.116Z] Checked if tokens are valid: true, expires at: 1730445905798
[debug] [2024-11-01T06:25:23.117Z] Checked if tokens are valid: true, expires at: 1730445905798
[debug] [2024-11-01T06:25:23.118Z] >>> [apiv2][query] GET https://serviceusage.googleapis.com/v1/projects/annonymous-complaint--system/services/sqladmin.googleapis.com [none]
[debug] [2024-11-01T06:25:23.118Z] >>> [apiv2][(partial)header] GET https://serviceusage.googleapis.com/v1/projects/annonymous-complaint--system/services/sqladmin.googleapis.com x-goog-quota-user=projects/annonymous-complaint--system
[debug] [2024-11-01T06:25:24.908Z] <<< [apiv2][status] GET https://serviceusage.googleapis.com/v1/projects/annonymous-complaint--system/services/sqladmin.googleapis.com 200
[debug] [2024-11-01T06:25:24.909Z] <<< [apiv2][body] GET https://serviceusage.googleapis.com/v1/projects/annonymous-complaint--system/services/sqladmin.googleapis.com [omitted]
[info] +  dataconnect: required API sqladmin.googleapis.com is enabled 
[info] +  Wrote dataconnect\dataconnect.yaml 
[info] +  Wrote dataconnect\schema\schema.gql 
[info] +  Wrote dataconnect\connector\connector.yaml 
[info] +  Wrote dataconnect\connector\queries.gql 
[info] +  Wrote dataconnect\connector\mutations.gql 
[info] +  Detected multiple app platforms in directory C:\Users\abhis\StudioProjects\anonymous_complaint_resolver_system 
[info] i  Wrote new config to C:\Users\abhis\StudioProjects\anonymous_complaint_resolver_system\dataconnect\connector/connector.yaml 
[info] i  dataconnect: downloading dataconnect-emulator-1.6.0.exe... {"metadata":{"emulator":{"name":"dataconnect"},"message":"downloading dataconnect-emulator-1.6.0.exe..."}}
[debug] [2024-11-01T06:26:35.004Z] >>> [apiv2][query] GET https://storage.googleapis.com/firemat-preview-drop/emulator/dataconnect-emulator-windows-v1.6.0 
[debug] [2024-11-01T06:26:35.496Z] <<< [apiv2][status] GET https://storage.googleapis.com/firemat-preview-drop/emulator/dataconnect-emulator-windows-v1.6.0 200
[debug] [2024-11-01T06:26:35.496Z] <<< [apiv2][body] GET https://storage.googleapis.com/firemat-preview-drop/emulator/dataconnect-emulator-windows-v1.6.0 [stream]
[info] I1101 11:56:48.140327   21192 codegen.go:82] [connector "default" dartSdk] Generating sources into "C:\\Users\\abhis\\StudioProjects\\anonymous_complaint_resolver_system\\dataconnect-generated\\dart\\default_connector"
I1101 11:56:48.140834   21192 dartgen.go:582] Started Dart code generation for connector default
I1101 11:56:48.141344   21192 generate.go:40] Generated all sources. Writing them to disk...
I1101 11:56:48.142362   21192 collector.go:107] connector "default" dartSdk wrote into "C:\\Users\\abhis\\StudioProjects\\anonymous_complaint_resolver_system\\dataconnect-generated\\dart\\default_connector"
Generated sources: default.dart [606B] 

[info] i  Generated SDK code for default 
[info] +  If you'd like to add more generated SDKs to your app your later, run firebase init dataconnect:sdk again 
[info] i  If you'd like to provision a CloudSQL Postgres instance on the Firebase Data Connect no-cost trial:
1. Please upgrade to the pay-as-you-go (Blaze) billing plan. Visit the following page:
     https://console.firebase.google.com/project/annonymous-complaint--system/usage/details
2. Run firebase init dataconnect again to configure the Cloud SQL instance.
3. Run firebase deploy --only dataconnect to deploy your Data Connect service. 
[info] 
=== Firestore Setup
[debug] [2024-11-01T06:26:48.150Z] Checked if tokens are valid: true, expires at: 1730445905798
[debug] [2024-11-01T06:26:48.151Z] Checked if tokens are valid: true, expires at: 1730445905798
[debug] [2024-11-01T06:26:48.151Z] >>> [apiv2][query] GET https://serviceusage.googleapis.com/v1/projects/annonymous-complaint--system/services/firestore.googleapis.com [none]
[debug] [2024-11-01T06:26:48.151Z] >>> [apiv2][(partial)header] GET https://serviceusage.googleapis.com/v1/projects/annonymous-complaint--system/services/firestore.googleapis.com x-goog-quota-user=projects/annonymous-complaint--system
[debug] [2024-11-01T06:26:49.941Z] <<< [apiv2][status] GET https://serviceusage.googleapis.com/v1/projects/annonymous-complaint--system/services/firestore.googleapis.com 200
[debug] [2024-11-01T06:26:49.941Z] <<< [apiv2][body] GET https://serviceusage.googleapis.com/v1/projects/annonymous-complaint--system/services/firestore.googleapis.com [omitted]
[debug] [2024-11-01T06:26:49.943Z] Checked if tokens are valid: true, expires at: 1730445905798
[debug] [2024-11-01T06:26:49.943Z] Checked if tokens are valid: true, expires at: 1730445905798
[debug] [2024-11-01T06:26:49.943Z] >>> [apiv2][query] GET https://firestore.googleapis.com/v1/projects/annonymous-complaint--system/databases/(default) [none]
[debug] [2024-11-01T06:26:51.830Z] <<< [apiv2][status] GET https://firestore.googleapis.com/v1/projects/annonymous-complaint--system/databases/(default) 200
[debug] [2024-11-01T06:26:51.830Z] <<< [apiv2][body] GET https://firestore.googleapis.com/v1/projects/annonymous-complaint--system/databases/(default) {"name":"projects/annonymous-complaint--system/databases/(default)","uid":"f4204d92-defa-48d7-ab1e-44c265208429","createTime":"2024-10-21T16:18:40.453145Z","updateTime":"2024-10-21T16:18:40.453145Z","locationId":"nam5","type":"FIRESTORE_NATIVE","concurrencyMode":"PESSIMISTIC","versionRetentionPeriod":"3600s","earliestVersionTime":"2024-11-01T05:26:59.574123Z","appEngineIntegrationMode":"DISABLED","keyPrefix":"s","pointInTimeRecoveryEnablement":"POINT_IN_TIME_RECOVERY_DISABLED","deleteProtectionState":"DELETE_PROTECTION_DISABLED","etag":"IMik5K3AuokDML7Ltv7xn4kD"}
[debug] [2024-11-01T06:26:51.831Z] database_type: FIRESTORE_NATIVE
[debug] [2024-11-01T06:26:51.831Z] database_type: FIRESTORE_NATIVE
[debug] [2024-11-01T06:26:51.832Z] > command requires scopes: ["email","openid","https://www.googleapis.com/auth/cloudplatformprojects.readonly","https://www.googleapis.com/auth/firebase","https://www.googleapis.com/auth/cloud-platform"]
[debug] [2024-11-01T06:26:51.832Z] > authorizing via signed-in user (abhishekjha031@gmail.com)
[debug] [2024-11-01T06:26:51.833Z] [iam] checking project annonymous-complaint--system for permissions ["firebase.projects.get"]
[debug] [2024-11-01T06:26:51.834Z] Checked if tokens are valid: true, expires at: 1730445905798
[debug] [2024-11-01T06:26:51.834Z] Checked if tokens are valid: true, expires at: 1730445905798
[debug] [2024-11-01T06:26:51.834Z] >>> [apiv2][query] POST https://cloudresourcemanager.googleapis.com/v1/projects/annonymous-complaint--system:testIamPermissions [none]
[debug] [2024-11-01T06:26:51.835Z] >>> [apiv2][(partial)header] POST https://cloudresourcemanager.googleapis.com/v1/projects/annonymous-complaint--system:testIamPermissions x-goog-quota-user=projects/annonymous-complaint--system
[debug] [2024-11-01T06:26:51.835Z] >>> [apiv2][body] POST https://cloudresourcemanager.googleapis.com/v1/projects/annonymous-complaint--system:testIamPermissions {"permissions":["firebase.projects.get"]}
[debug] [2024-11-01T06:26:53.359Z] <<< [apiv2][status] POST https://cloudresourcemanager.googleapis.com/v1/projects/annonymous-complaint--system:testIamPermissions 200
[debug] [2024-11-01T06:26:53.359Z] <<< [apiv2][body] POST https://cloudresourcemanager.googleapis.com/v1/projects/annonymous-complaint--system:testIamPermissions {"permissions":["firebase.projects.get"]}
[info] 
[info] Firestore Security Rules allow you to define how and when to allow
[info] requests. You can keep these rules in your project directory
[info] and publish them with firebase deploy.
[info] 
[debug] [2024-11-01T06:28:53.835Z] Checked if tokens are valid: true, expires at: 1730445905798
[debug] [2024-11-01T06:28:53.835Z] Checked if tokens are valid: true, expires at: 1730445905798
[debug] [2024-11-01T06:28:53.837Z] >>> [apiv2][query] GET https://firebaserules.googleapis.com/v1/projects/annonymous-complaint--system/releases pageSize=10&pageToken=
[debug] [2024-11-01T06:28:55.942Z] <<< [apiv2][status] GET https://firebaserules.googleapis.com/v1/projects/annonymous-complaint--system/releases 200
[debug] [2024-11-01T06:28:55.943Z] <<< [apiv2][body] GET https://firebaserules.googleapis.com/v1/projects/annonymous-complaint--system/releases {"releases":[{"name":"projects/annonymous-complaint--system/releases/cloud.firestore","rulesetName":"projects/annonymous-complaint--system/rulesets/9d8deeba-1d8f-45cb-b936-38b7248db770","createTime":"2024-10-21T16:18:56.869767Z","updateTime":"2024-10-26T14:54:23.199158Z"},{"name":"projects/annonymous-complaint--system/releases/firebase.storage/annonymous-complaint--system.appspot.com","rulesetName":"projects/annonymous-complaint--system/rulesets/7f6d30f3-a005-4d92-9c29-b0d1520f2765","createTime":"2024-10-29T06:34:04.992571Z","updateTime":"2024-10-30T18:52:10.207131Z"}]}
[debug] [2024-11-01T06:28:55.996Z] Found ruleset: projects/annonymous-complaint--system/rulesets/9d8deeba-1d8f-45cb-b936-38b7248db770
[debug] [2024-11-01T06:28:55.996Z] Checked if tokens are valid: true, expires at: 1730445905798
[debug] [2024-11-01T06:28:55.996Z] Checked if tokens are valid: true, expires at: 1730445905798
[debug] [2024-11-01T06:28:55.997Z] >>> [apiv2][query] GET https://firebaserules.googleapis.com/v1/projects/annonymous-complaint--system/rulesets/9d8deeba-1d8f-45cb-b936-38b7248db770 [none]
[debug] [2024-11-01T06:28:57.323Z] <<< [apiv2][status] GET https://firebaserules.googleapis.com/v1/projects/annonymous-complaint--system/rulesets/9d8deeba-1d8f-45cb-b936-38b7248db770 200
[debug] [2024-11-01T06:28:57.323Z] <<< [apiv2][body] GET https://firebaserules.googleapis.com/v1/projects/annonymous-complaint--system/rulesets/9d8deeba-1d8f-45cb-b936-38b7248db770 [omitted]
[info] 
[info] Firestore indexes allow you to perform complex queries while
[info] maintaining performance that scales with the size of the result
[info] set. You can keep index definitions in your project directory
[info] and publish them with firebase deploy.
[info] 
[debug] [2024-11-01T06:28:57.343Z] Checked if tokens are valid: true, expires at: 1730445905798
[debug] [2024-11-01T06:28:57.343Z] Checked if tokens are valid: true, expires at: 1730445905798
[debug] [2024-11-01T06:28:57.343Z] Checked if tokens are valid: true, expires at: 1730445905798
[debug] [2024-11-01T06:28:57.344Z] Checked if tokens are valid: true, expires at: 1730445905798
[debug] [2024-11-01T06:28:57.344Z] >>> [apiv2][query] GET https://firestore.googleapis.com/v1/projects/annonymous-complaint--system/databases/(default)/collectionGroups/-/indexes [none]
[debug] [2024-11-01T06:28:57.353Z] >>> [apiv2][query] GET https://firestore.googleapis.com/v1/projects/annonymous-complaint--system/databases/(default)/collectionGroups/-/fields?filter=indexConfig.usesAncestorConfig=false OR ttlConfig:* [none]
[debug] [2024-11-01T06:28:59.164Z] <<< [apiv2][status] GET https://firestore.googleapis.com/v1/projects/annonymous-complaint--system/databases/(default)/collectionGroups/-/fields?filter=indexConfig.usesAncestorConfig=false OR ttlConfig:* 200
[debug] [2024-11-01T06:28:59.164Z] <<< [apiv2][body] GET https://firestore.googleapis.com/v1/projects/annonymous-complaint--system/databases/(default)/collectionGroups/-/fields?filter=indexConfig.usesAncestorConfig=false OR ttlConfig:* {"fields":[{"name":"projects/annonymous-complaint--system/databases/(default)/collectionGroups/__default__/fields/*","indexConfig":{"indexes":[{"queryScope":"COLLECTION","fields":[{"fieldPath":"*","order":"ASCENDING"}],"state":"READY"},{"queryScope":"COLLECTION","fields":[{"fieldPath":"*","order":"DESCENDING"}],"state":"READY"},{"queryScope":"COLLECTION","fields":[{"fieldPath":"*","arrayConfig":"CONTAINS"}],"state":"READY"}]}}]}
[debug] [2024-11-01T06:28:59.165Z] <<< [apiv2][status] GET https://firestore.googleapis.com/v1/projects/annonymous-complaint--system/databases/(default)/collectionGroups/-/indexes 200
[debug] [2024-11-01T06:28:59.165Z] <<< [apiv2][body] GET https://firestore.googleapis.com/v1/projects/annonymous-complaint--system/databases/(default)/collectionGroups/-/indexes {"indexes":[{"name":"projects/annonymous-complaint--system/databases/(default)/collectionGroups/complaints/indexes/CICAgJim14AK","queryScope":"COLLECTION","fields":[{"fieldPath":"userId","order":"ASCENDING"},{"fieldPath":"createdAt","order":"ASCENDING"},{"fieldPath":"__name__","order":"ASCENDING"}],"state":"READY"}]}
[info] 
=== Genkit Setup
[debug] [2024-11-01T06:29:05.756Z] > command requires scopes: ["email","openid","https://www.googleapis.com/auth/cloudplatformprojects.readonly","https://www.googleapis.com/auth/firebase","https://www.googleapis.com/auth/cloud-platform"]
[debug] [2024-11-01T06:29:05.756Z] > authorizing via signed-in user (abhishekjha031@gmail.com)
[debug] [2024-11-01T06:29:05.756Z] [iam] checking project annonymous-complaint--system for permissions ["firebase.projects.get"]
[debug] [2024-11-01T06:29:05.757Z] Checked if tokens are valid: true, expires at: 1730445905798
[debug] [2024-11-01T06:29:05.757Z] Checked if tokens are valid: true, expires at: 1730445905798
[debug] [2024-11-01T06:29:05.758Z] >>> [apiv2][query] POST https://cloudresourcemanager.googleapis.com/v1/projects/annonymous-complaint--system:testIamPermissions [none]
[debug] [2024-11-01T06:29:05.758Z] >>> [apiv2][(partial)header] POST https://cloudresourcemanager.googleapis.com/v1/projects/annonymous-complaint--system:testIamPermissions x-goog-quota-user=projects/annonymous-complaint--system
[debug] [2024-11-01T06:29:05.758Z] >>> [apiv2][body] POST https://cloudresourcemanager.googleapis.com/v1/projects/annonymous-complaint--system:testIamPermissions {"permissions":["firebase.projects.get"]}
[debug] [2024-11-01T06:29:07.390Z] <<< [apiv2][status] POST https://cloudresourcemanager.googleapis.com/v1/projects/annonymous-complaint--system:testIamPermissions 200
[debug] [2024-11-01T06:29:07.390Z] <<< [apiv2][body] POST https://cloudresourcemanager.googleapis.com/v1/projects/annonymous-complaint--system:testIamPermissions {"permissions":["firebase.projects.get"]}
[debug] [2024-11-01T06:29:07.391Z] Checked if tokens are valid: true, expires at: 1730445905798
[debug] [2024-11-01T06:29:07.391Z] Checked if tokens are valid: true, expires at: 1730445905798
[debug] [2024-11-01T06:29:07.391Z] Checked if tokens are valid: true, expires at: 1730445905798
[debug] [2024-11-01T06:29:07.391Z] Checked if tokens are valid: true, expires at: 1730445905798
[debug] [2024-11-01T06:29:07.391Z] >>> [apiv2][query] GET https://serviceusage.googleapis.com/v1/projects/annonymous-complaint--system/services/cloudfunctions.googleapis.com [none]
[debug] [2024-11-01T06:29:07.391Z] >>> [apiv2][(partial)header] GET https://serviceusage.googleapis.com/v1/projects/annonymous-complaint--system/services/cloudfunctions.googleapis.com x-goog-quota-user=projects/annonymous-complaint--system
[debug] [2024-11-01T06:29:07.393Z] >>> [apiv2][query] GET https://serviceusage.googleapis.com/v1/projects/annonymous-complaint--system/services/runtimeconfig.googleapis.com [none]
[debug] [2024-11-01T06:29:07.393Z] >>> [apiv2][(partial)header] GET https://serviceusage.googleapis.com/v1/projects/annonymous-complaint--system/services/runtimeconfig.googleapis.com x-goog-quota-user=projects/annonymous-complaint--system
[debug] [2024-11-01T06:29:09.147Z] <<< [apiv2][status] GET https://serviceusage.googleapis.com/v1/projects/annonymous-complaint--system/services/runtimeconfig.googleapis.com 200
[debug] [2024-11-01T06:29:09.148Z] <<< [apiv2][body] GET https://serviceusage.googleapis.com/v1/projects/annonymous-complaint--system/services/runtimeconfig.googleapis.com [omitted]
[debug] [2024-11-01T06:29:09.281Z] <<< [apiv2][status] GET https://serviceusage.googleapis.com/v1/projects/annonymous-complaint--system/services/cloudfunctions.googleapis.com 200
[debug] [2024-11-01T06:29:09.281Z] <<< [apiv2][body] GET https://serviceusage.googleapis.com/v1/projects/annonymous-complaint--system/services/cloudfunctions.googleapis.com [omitted]
[info] 
Detected existing codebase(s): default

[info] Let's create a new codebase for your functions.
[info] A directory corresponding to the codebase will be created in your project
[info] with sample code pre-configured.

[info] See https://firebase.google.com/docs/functions/organize-functions for
[info] more information on organizing your functions using codebases.

[info] Functions can be deployed with firebase deploy.

